<?xml version="1.0" encoding="UTF-8"?>
<!-- Generated by org.testng.reporters.JUnitXMLReporter -->
<testsuite hostname="LP-5CD73107R8" ignored="0" name="Functional Test" tests="4" failures="0" timestamp="03 Aug 2021 16:58:55 GMT" time="0.03" errors="0">
  <testcase name="p" time="0.001" classname="com.example.GroupMethods"/>
  <testcase name="q" time="0.002" classname="com.example.GroupMethods"/>
  <testcase name="r" time="0.003" classname="com.example.GroupMethods"/>
  <testcase name="s" time="0.002" classname="com.example.GroupMethods"/>
</testsuite> <!-- Functional Test -->
