<?xml version="1.0" encoding="UTF-8"?>
<!-- Generated by org.testng.reporters.JUnitXMLReporter -->
<testsuite hostname="LP-5CD73107R8" ignored="0" name="Smoke testing" tests="4" failures="0" timestamp="04 Aug 2021 05:28:15 GMT" time="0.06" errors="0">
  <testcase name="q" time="0.013" classname="com.example.dependMethods"/>
  <testcase name="r" time="0.003" classname="com.example.dependMethods"/>
  <testcase name="s" time="0.002" classname="com.example.dependMethods"/>
  <testcase name="p" time="0.001" classname="com.example.dependMethods"/>
</testsuite> <!-- Smoke testing -->
