<?xml version="1.0" encoding="UTF-8"?>
<testng-results skipped="0" failed="0" ignored="0" total="1" passed="1">
  <reporter-output>
  </reporter-output>
  <suite name="Test Suite" duration-ms="28701" started-at="2021-08-25T08:53:47Z" finished-at="2021-08-25T08:54:15Z">
    <groups>
    </groups>
    <test name="Test Cases" duration-ms="28701" started-at="2021-08-25T08:53:47Z" finished-at="2021-08-25T08:54:15Z">
      <class name="Krtc_listerners.ksrtc_Testcase">
        <test-method status="PASS" signature="feed()[pri:0, instance:Krtc_listerners.ksrtc_Testcase@64485a47]" name="feed" duration-ms="28647" started-at="2021-08-25T14:23:47Z" finished-at="2021-08-25T14:24:15Z">
          <reporter-output>
          </reporter-output>
        </test-method> <!-- feed -->
      </class> <!-- Krtc_listerners.ksrtc_Testcase -->
    </test> <!-- Test Cases -->
  </suite> <!-- Test Suite -->
</testng-results>
